<?xml version="1.0" encoding="UTF-8"?>
<testng-results skipped="0" failed="0" total="1" passed="1">
  <reporter-output>
  </reporter-output>
  <suite name="Suite1" duration-ms="11177" started-at="2015-10-02T14:39:27Z" finished-at="2015-10-02T14:39:38Z">
    <groups>
    </groups>
    <test name="Regression1" duration-ms="11177" started-at="2015-10-02T14:39:27Z" finished-at="2015-10-02T14:39:38Z">
      <class name="testClasses.FacebookSearch">
        <test-method status="PASS" signature="googleLink()" name="googleLink" duration-ms="11161" started-at="2015-10-02T14:39:27Z" finished-at="2015-10-02T14:39:38Z">
        </test-method>
      </class>
    </test>
  </suite>
</testng-results>
