<?xml version="1.0" encoding="UTF-8"?>
<testng-results skipped="0" failed="0" total="1" passed="1">
  <reporter-output>
  </reporter-output>
  <suite name="Default suite" duration-ms="11997" started-at="2015-09-26T08:56:37Z" finished-at="2015-09-26T08:56:49Z">
    <groups>
    </groups>
    <test name="Default test" duration-ms="11997" started-at="2015-09-26T08:56:37Z" finished-at="2015-09-26T08:56:49Z">
      <class name="testClasses.FacebookSearch">
        <test-method status="PASS" signature="googleLink()[pri:0, instance:testClasses.FacebookSearch@1fbc7afb]" name="googleLink" duration-ms="11980" started-at="2015-09-26T14:26:37Z" finished-at="2015-09-26T14:26:49Z">
          <reporter-output>
          </reporter-output>
        </test-method> <!-- googleLink -->
      </class> <!-- testClasses.FacebookSearch -->
    </test> <!-- Default test -->
  </suite> <!-- Default suite -->
</testng-results>
